Build started 11/2/2015 3:59:32 PM.
     1>Project "C:\cygwin64\home\htao\mysql-replication-listener-win\build\src\examples\examples.vcxproj" on node 2 (Build target(s)).
     1>PreBuildEvent:
         copy "C:\cygwin64\home\htao\pthread-win32\bin\x64_MSVC2013.Debug\pthread_dll.dll" "C:\cygwin64\home\htao\mysql-replication-listener-win\build\x64\Debug\pthread_dll.dll"
         :VCEnd
                 1 file(s) copied.
       ClCompile:
         C:\Program Files (x86)\Microsoft Visual Studio 12.0\VC\bin\x86_amd64\CL.exe /c /I"C:\cygwin64\home\htao\mysql-replication-listener-win\include" /IC:\local\boost_1_57_0 /I"C:\cygwin64\home\htao\pthread-win32" /I"C:\Program Files (x86)\Visual Leak Detector\include" /Zi /nologo /W3 /WX- /sdl /Od /D _MBCS /Gm /EHsc /RTC1 /MDd /GS /fp:precise /Zc:wchar_t /Zc:forScope /Fo"x64\Debug\\" /Fd"x64\Debug\vc120.pdb" /Gd /TP /errorReport:prompt "..\..\..\examples\basic-1.cpp"
         basic-1.cpp
         Please define _WIN32_WINNT or _WIN32_WINDOWS appropriately. For example:
         - add -D_WIN32_WINNT=0x0501 to the compiler command line; or
         - add _WIN32_WINNT=0x0501 to your project's Preprocessor Definitions.
         Assuming _WIN32_WINNT=0x0501 (i.e. Windows XP target).
     1>c:\cygwin64\home\htao\mysql-replication-listener-win\include\protocol.h(350): warning C4267: 'return' : conversion from 'size_t' to 'unsigned int', possible loss of data
     1>c:\cygwin64\home\htao\mysql-replication-listener-win\include\protocol.h(372): warning C4267: 'return' : conversion from 'size_t' to 'unsigned int', possible loss of data
     1>c:\cygwin64\home\htao\mysql-replication-listener-win\include\row_of_fields.h(44): warning C4522: 'mysql::Row_of_fields' : multiple assignment operators specified
       Link:
         C:\Program Files (x86)\Microsoft Visual Studio 12.0\VC\bin\x86_amd64\link.exe /ERRORREPORT:PROMPT /OUT:"C:\cygwin64\home\htao\mysql-replication-listener-win\build\x64\Debug\examples.exe" /INCREMENTAL /NOLOGO /LIBPATH:"C:\local\boost_1_57_0\lib64-msvc-12.0" /LIBPATH:"C:\cygwin64\home\htao\mysql-replication-listener-win\build\lib\Debug" /LIBPATH:"C:\cygwin64\home\htao\pthread-win32\bin\x64_MSVC2013.Debug" /LIBPATH:"C:\openssl-1.0.1l-vs2013\lib64" /LIBPATH:"C:\Program Files (x86)\Visual Leak Detector\lib\Win64" replication.lib pthread_dll.lib libeay32MTd.lib kernel32.lib user32.lib gdi32.lib winspool.lib comdlg32.lib advapi32.lib shell32.lib ole32.lib oleaut32.lib uuid.lib odbc32.lib odbccp32.lib /MANIFEST /MANIFESTUAC:"level='asInvoker' uiAccess='false'" /manifest:embed /DEBUG /PDB:"C:\cygwin64\home\htao\mysql-replication-listener-win\build\x64\Debug\examples.pdb" /TLBID:1 /DYNAMICBASE /NXCOMPAT /IMPLIB:"C:\cygwin64\home\htao\mysql-replication-listener-win\build\x64\Debug\examples.lib" /MACHINE:X64 "x64\Debug\basic-1.obj"
         examples.vcxproj -> C:\cygwin64\home\htao\mysql-replication-listener-win\build\x64\Debug\examples.exe
     1>Done Building Project "C:\cygwin64\home\htao\mysql-replication-listener-win\build\src\examples\examples.vcxproj" (Build target(s)).

Build succeeded.

Time Elapsed 00:00:04.58
